<?xml version="1.0" encoding="UTF-8"?>
<testsuite xmlns:xsi="http://www.w3.org/2001/XMLSchema-instance" xsi:noNamespaceSchemaLocation="https://maven.apache.org/surefire/maven-surefire-plugin/xsd/surefire-test-report.xsd" name="com.tqs_lab2_2.AddressResolverTest" time="0.336" tests="2" errors="0" skipped="0" failures="0">
  <properties>
[...]
</properties>
  <testcase name="testFindLocation" classname="com.tqs_lab2_2.AddressResolverTest" time="0.322"/>
  <testcase name="testBadCoordinates" classname="com.tqs_lab2_2.AddressResolverTest" time="0.001"/>
</testsuite>