<?xml version="1.0" encoding="UTF-8"?>
<testsuite xmlns:xsi="http://www.w3.org/2001/XMLSchema-instance" xsi:noNamespaceSchemaLocation="https://maven.apache.org/surefire/maven-surefire-plugin/xsd/surefire-test-report.xsd" name="com.tqs_lab2.PortfolioTest" time="0.313" tests="1" errors="1" skipped="0" failures="0">
  <properties>
[...]
</properties>
  <testcase name="testGetTotalValue" classname="com.tqs_lab2.PortfolioTest" time="0.306">
    <error type="java.lang.NullPointerException">java.lang.NullPointerException
	at com.tqs_lab2.PortfolioTest.testGetTotalValue(PortfolioTest.java:26)
</error>
  </testcase>
</testsuite>